<?xml version="1.0" encoding="UTF-8"?>
<testng-results skipped="0" failed="0" total="1" passed="1">
  <reporter-output>
  </reporter-output>
  <suite name="Default suite" duration-ms="466" started-at="2019-06-14T08:15:18Z" finished-at="2019-06-14T08:15:19Z">
    <groups>
    </groups>
    <test name="Default test" duration-ms="466" started-at="2019-06-14T08:15:18Z" finished-at="2019-06-14T08:15:19Z">
      <class name="HttpClient.HttpClientSpringboot.testCase.cookieTest">
        <test-method status="PASS" signature="beforeClass()[pri:0, instance:HttpClient.HttpClientSpringboot.testCase.cookieTest@17ed40e0]" name="beforeClass" is-config="true" duration-ms="10" started-at="2019-06-14T16:15:18Z" finished-at="2019-06-14T16:15:18Z">
          <reporter-output>
          </reporter-output>
        </test-method> <!-- beforeClass -->
        <test-method status="PASS" signature="testCookie()[pri:0, instance:HttpClient.HttpClientSpringboot.testCase.cookieTest@17ed40e0]" name="testCookie" duration-ms="448" started-at="2019-06-14T16:15:18Z" finished-at="2019-06-14T16:15:19Z">
          <reporter-output>
          </reporter-output>
        </test-method> <!-- testCookie -->
        <test-method status="PASS" signature="afterClass()[pri:0, instance:HttpClient.HttpClientSpringboot.testCase.cookieTest@17ed40e0]" name="afterClass" is-config="true" duration-ms="0" started-at="2019-06-14T16:15:19Z" finished-at="2019-06-14T16:15:19Z">
          <reporter-output>
          </reporter-output>
        </test-method> <!-- afterClass -->
      </class> <!-- HttpClient.HttpClientSpringboot.testCase.cookieTest -->
    </test> <!-- Default test -->
  </suite> <!-- Default suite -->
</testng-results>
