<?xml version="1.0" encoding="UTF-8"?>
<testng-results skipped="0" failed="0" total="1" passed="1">
  <reporter-output>
  </reporter-output>
  <suite name="Suite" duration-ms="19" started-at="2019-06-12T09:42:08Z" finished-at="2019-06-12T09:42:08Z">
    <groups>
    </groups>
    <test name="Test" duration-ms="19" started-at="2019-06-12T09:42:08Z" finished-at="2019-06-12T09:42:08Z">
      <class name="HttpClient.HttpClientSpringboot.testCase.NewTest">
        <test-method status="PASS" signature="beforeClass()[pri:0, instance:HttpClient.HttpClientSpringboot.testCase.NewTest@1ef7fe8e]" name="beforeClass" is-config="true" duration-ms="5" started-at="2019-06-12T17:42:08Z" finished-at="2019-06-12T17:42:08Z">
          <reporter-output>
          </reporter-output>
        </test-method> <!-- beforeClass -->
        <test-method status="PASS" signature="f()[pri:0, instance:HttpClient.HttpClientSpringboot.testCase.NewTest@1ef7fe8e]" name="f" duration-ms="4" started-at="2019-06-12T17:42:08Z" finished-at="2019-06-12T17:42:08Z">
          <reporter-output>
          </reporter-output>
        </test-method> <!-- f -->
        <test-method status="PASS" signature="afterClass()[pri:0, instance:HttpClient.HttpClientSpringboot.testCase.NewTest@1ef7fe8e]" name="afterClass" is-config="true" duration-ms="0" started-at="2019-06-12T17:42:08Z" finished-at="2019-06-12T17:42:08Z">
          <reporter-output>
          </reporter-output>
        </test-method> <!-- afterClass -->
      </class> <!-- HttpClient.HttpClientSpringboot.testCase.NewTest -->
    </test> <!-- Test -->
  </suite> <!-- Suite -->
</testng-results>
